This is TeX, Version 3.14159 (Web2C 7.4.5) (format=latex 2005.1.21)  16 MAR 2006 22:54
**./images.tex
(./images.tex
LaTeX2e <2003/12/01>
Babel <v3.8c> and hyphenation patterns for american, french, german, ngerman, b
asque, italian, portuges, russian, spanish, nohyphenation, loaded.

(/usr/share/texmf/tex/latex/base/report.cls
Document Class: report 2004/02/16 v1.4f Standard LaTeX document class
(/usr/share/texmf/tex/latex/base/size11.clo
File: size11.clo 2004/02/16 v1.4f Standard LaTeX file (size option)
)
\c@part=\count79
\c@chapter=\count80
\c@section=\count81
\c@subsection=\count82
\c@subsubsection=\count83
\c@paragraph=\count84
\c@subparagraph=\count85
\c@figure=\count86
\c@table=\count87
\abovecaptionskip=\skip41
\belowcaptionskip=\skip42
\bibindent=\dimen102
) (/usr/share/texmf/tex/latex/base/ifthen.sty
Package: ifthen 2001/05/26 v1.1c Standard LaTeX ifthen package (DPC)
) (/usr/share/texmf/tex/generic/babel/babel.sty
Package: babel 2001/03/01 v3.7h The Babel package
(/usr/share/texmf/tex/generic/babel/spanish.ldf
Language: spanish.ldf 2001/01/30 v4.1c Spanish support from the babel system
(/usr/share/texmf/tex/generic/babel/babel.def
File: babel.def 2001/03/01 v3.7h Babel common definitions
\babel@savecnt=\count88
\U@D=\dimen103
)
\es@quottoks=\toks14
\es@quotdepth=\count89
Package babel Info: Making . an active character on input line 464.
Package babel Info: Making " an active character on input line 495.
Package babel Info: Making < an active character on input line 581.
Package babel Info: Making > an active character on input line 582.
)) (/usr/share/texmf/tex/latex/base/inputenc.sty
Package: inputenc 2004/02/05 v1.0d Input encoding file
(/usr/share/texmf/tex/latex/base/latin1.def
File: latin1.def 2004/02/05 v1.0d Input encoding file
)) (/usr/share/texmf/tex/latex/amsfonts/amsfonts.sty
Package: amsfonts 2001/10/25 v2.2f
\@emptytoks=\toks15
\symAMSa=\mathgroup4
\symAMSb=\mathgroup5
LaTeX Font Info:    Overwriting math alphabet `\mathfrak' in version `bold'
(Font)                  U/euf/m/n --> U/euf/b/n on input line 132.
) (/usr/share/texmf/tex/latex/graphics/color.sty
Package: color 1999/02/16 v1.0i Standard LaTeX Color (DPC)
(/usr/share/texmf/tex/latex/config/color.cfg
File: color.cfg 2001/08/31 v1.1 color configuration of teTeX/TeXLive
)
Package color Info: Driver file: dvips.def on input line 125.
(/usr/share/texmf/tex/latex/graphics/dvips.def
File: dvips.def 1999/02/16 v3.0i Driver-dependant file (DPC,SPQR)
) (/usr/share/texmf/tex/latex/graphics/dvipsnam.def
File: dvipsnam.def 1999/02/16 v3.0i Driver-dependant file (DPC,SPQR)
)) (/usr/share/texmf/tex/latex/graphics/graphicx.sty
Package: graphicx 1999/02/16 v1.0f Enhanced LaTeX Graphics (DPC,SPQR)
(/usr/share/texmf/tex/latex/graphics/keyval.sty
Package: keyval 1999/03/16 v1.13 key=value parser (DPC)
\KV@toks@=\toks16
) (/usr/share/texmf/tex/latex/graphics/graphics.sty
Package: graphics 2001/07/07 v1.0n Standard LaTeX Graphics (DPC,SPQR)
(/usr/share/texmf/tex/latex/graphics/trig.sty
Package: trig 1999/03/16 v1.09 sin cos tan (DPC)
) (/usr/share/texmf/tex/latex/config/graphics.cfg
File: graphics.cfg 2001/08/31 v1.1 graphics configuration of teTeX/TeXLive
)
Package graphics Info: Driver file: dvips.def on input line 80.
)
\Gin@req@height=\dimen104
\Gin@req@width=\dimen105
) (/usr/share/texmf/tex/latex/amsfonts/amssymb.sty
Package: amssymb 2002/01/22 v2.2d
) (/usr/share/texmf/tex/latex/amsmath/amsmath.sty
Package: amsmath 2000/07/18 v2.13 AMS math features
\@mathmargin=\skip43
For additional information on amsmath, use the `?' option.
(/usr/share/texmf/tex/latex/amsmath/amstext.sty
Package: amstext 2000/06/29 v2.01
(/usr/share/texmf/tex/latex/amsmath/amsgen.sty
File: amsgen.sty 1999/11/30 v2.0
\@emptytoks=\toks17
\ex@=\dimen106
)) (/usr/share/texmf/tex/latex/amsmath/amsbsy.sty
Package: amsbsy 1999/11/29 v1.2d
\pmbraise@=\dimen107
) (/usr/share/texmf/tex/latex/amsmath/amsopn.sty
Package: amsopn 1999/12/14 v2.01 operator names
)
\inf@bad=\count90
LaTeX Info: Redefining \frac on input line 211.
\uproot@=\count91
\leftroot@=\count92
LaTeX Info: Redefining \overline on input line 307.
\classnum@=\count93
\DOTSCASE@=\count94
LaTeX Info: Redefining \ldots on input line 379.
LaTeX Info: Redefining \dots on input line 382.
LaTeX Info: Redefining \cdots on input line 467.
\Mathstrutbox@=\box26
\strutbox@=\box27
\big@size=\dimen108
LaTeX Font Info:    Redeclaring font encoding OML on input line 567.
LaTeX Font Info:    Redeclaring font encoding OMS on input line 568.
\macc@depth=\count95
\c@MaxMatrixCols=\count96
\dotsspace@=\muskip10
\c@parentequation=\count97
\dspbrk@lvl=\count98
\tag@help=\toks18
\row@=\count99
\column@=\count100
\maxfields@=\count101
\andhelp@=\toks19
\eqnshift@=\dimen109
\alignsep@=\dimen110
\tagshift@=\dimen111
\tagwidth@=\dimen112
\totwidth@=\dimen113
\lineht@=\dimen114
\@envbody=\toks20
\multlinegap=\skip44
\multlinetaggap=\skip45
\mathdisplay@stack=\toks21
LaTeX Info: Redefining \[ on input line 2666.
LaTeX Info: Redefining \] on input line 2667.
) (/usr/share/texmf/tex/latex/hyperref/hyperref.sty
Package: hyperref 2003/11/30 v6.74m Hypertext links for LaTeX
\@linkdim=\dimen115
\Hy@linkcounter=\count102
\Hy@pagecounter=\count103
(/usr/share/texmf/tex/latex/hyperref/pd1enc.def
File: pd1enc.def 2003/11/30 v6.74m Hyperref: PDFDocEncoding definition (HO)
) (/usr/share/texmf/tex/latex/config/hyperref.cfg
File: hyperref.cfg 2002/06/06 v1.2 hyperref configuration of TeXLive and teTeX
)
Package hyperref Info: Hyper figures OFF on input line 1880.
Package hyperref Info: Link nesting OFF on input line 1885.
Package hyperref Info: Hyper index ON on input line 1888.
Package hyperref Info: Plain pages ON on input line 1893.
Package hyperref Info: Backreferencing OFF on input line 1900.
Implicit mode ON; LaTeX internals redefined
Package hyperref Info: Bookmarks ON on input line 2004.
(/usr/share/texmf/tex/latex/html/url.sty
Package: url 1999/03/02  ver 1.4  Verb mode for urls, email addresses, and file
 names
)
LaTeX Info: Redefining \url on input line 2143.
\Fld@menulength=\count104
\Field@Width=\dimen116
\Fld@charsize=\dimen117
\Choice@toks=\toks22
\Field@toks=\toks23
Package hyperref Info: Hyper figures OFF on input line 2618.
Package hyperref Info: Link nesting OFF on input line 2623.
Package hyperref Info: Hyper index ON on input line 2626.
Package hyperref Info: backreferencing OFF on input line 2633.
Package hyperref Info: Link coloring OFF on input line 2638.
\c@Item=\count105
\c@Hfootnote=\count106
)
*hyperref using default driver hdvips*
(/usr/share/texmf/tex/latex/hyperref/hdvips.def
File: hdvips.def 2003/11/30 v6.74m Hyperref driver for dvips
(/usr/share/texmf/tex/latex/hyperref/pdfmark.def
File: pdfmark.def 2003/11/30 v6.74m Hyperref definitions for pdfmark specials
\pdf@docset=\toks24
\pdf@box=\box28
\pdf@toks=\toks25
\pdf@defaulttoks=\toks26
\Fld@listcount=\count107
\@outlinefile=\write3
)) (/usr/share/texmf/tex/latex/misc/anysize.sty
Package: anysize 1994/08/13 setting margin sizes
document style option `anysize' loaded
Michael Salzenberg, Thomas Esser, Dirk Hillbrecht
Version 1.0, Aug 13, 1994
\@Leftmargin=\dimen118
\@Rightmargin=\dimen119
\@Topmargin=\dimen120
\@Bottommargin=\dimen121
)
\@indexfile=\write4
\openout4 = `images.idx'.

Writing index file images.idx
(/home/fede/Proyecto/documentacion/nuestraTEX/fancyhdr.sty
\fancy@headwidth=\skip46
\f@ncyO@elh=\skip47
\f@ncyO@erh=\skip48
\f@ncyO@olh=\skip49
\f@ncyO@orh=\skip50
\f@ncyO@elf=\skip51
\f@ncyO@erf=\skip52
\f@ncyO@olf=\skip53
\f@ncyO@orf=\skip54
)
\sizebox=\box29
\lthtmlwrite=\write5
(./images.aux

LaTeX Warning: Label `Lb' multiply defined.


LaTeX Warning: Label `Lb' multiply defined.


LaTeX Warning: Label `orientacion' multiply defined.


LaTeX Warning: Label `potencia' multiply defined.


LaTeX Warning: Label `potencia' multiply defined.


LaTeX Warning: Label `variacionPot' multiply defined.

)
\openout1 = `images.aux'.

LaTeX Font Info:    Checking defaults for OML/cmm/m/it on input line 178.
LaTeX Font Info:    ... okay on input line 178.
LaTeX Font Info:    Checking defaults for T1/cmr/m/n on input line 178.
LaTeX Font Info:    ... okay on input line 178.
LaTeX Font Info:    Checking defaults for OT1/cmr/m/n on input line 178.
LaTeX Font Info:    ... okay on input line 178.
LaTeX Font Info:    Checking defaults for OMS/cmsy/m/n on input line 178.
LaTeX Font Info:    ... okay on input line 178.
LaTeX Font Info:    Checking defaults for OMX/cmex/m/n on input line 178.
LaTeX Font Info:    ... okay on input line 178.
LaTeX Font Info:    Checking defaults for U/cmr/m/n on input line 178.
LaTeX Font Info:    ... okay on input line 178.
LaTeX Font Info:    Checking defaults for PD1/pdf/m/n on input line 178.
LaTeX Font Info:    ... okay on input line 178.
Package hyperref Info: Link coloring OFF on input line 178.
(/usr/share/texmf/tex/latex/hyperref/nameref.sty
Package: nameref 2003/12/03 v2.21 Cross-referencing by name of section
\c@section@level=\count108
)
LaTeX Info: Redefining \ref on input line 178.
LaTeX Info: Redefining \pageref on input line 178.
(./images.out) (./images.out)
\openout3 = `images.out'.


latex2htmlLength hsize=349.0pt

latex2htmlLength vsize=687.4186pt

latex2htmlLength hoffset=0.0pt

latex2htmlLength voffset=0.0pt

latex2htmlLength topmargin=0.0pt

latex2htmlLength topskip=0.00003pt

latex2htmlLength headheight=0.0pt

latex2htmlLength headsep=0.0pt

latex2htmlLength parskip=6.8pt plus 1.0pt

latex2htmlLength oddsidemargin=27.31465pt

latex2htmlLength evensidemargin=13.08827pt

LaTeX Font Info:    Try loading font information for U+msa on input line 202.
(/usr/share/texmf/tex/latex/amsfonts/umsa.fd
File: umsa.fd 2002/01/19 v2.2g AMS font definitions
)
LaTeX Font Info:    Try loading font information for U+msb on input line 202.
(/usr/share/texmf/tex/latex/amsfonts/umsb.fd
File: umsb.fd 2002/01/19 v2.2g AMS font definitions
)
l2hSize :tex2html_wrap_inline9869:7.57185pt::7.57185pt::9.93083pt.
[1





]
l2hSize :tex2html_wrap_inline9873:7.57185pt::7.57185pt::7.71065pt.
[2


]
l2hSize :tex2html_nomath_inline9874:5.97499pt::5.97499pt::5.71838pt.
[3


]
File: logo.eps Graphic file (type eps)
<logo.eps>
l2hSize :tex2html_wrap9876:115.90628pt::0.0pt::349.0pt.
[4


]
File: Introduccion/celdas.eps Graphic file (type eps)
<Introduccion/celdas.eps>
l2hSize :tex2html_wrap10090:118.09102pt::0.0pt::349.0pt.
[5


]
File: Introduccion/sectores.eps Graphic file (type eps)
<Introduccion/sectores.eps>
l2hSize :tex2html_wrap10169:95.09044pt::0.0pt::349.0pt.
[6


]
File: Introduccion/patron2.eps Graphic file (type eps)
<Introduccion/patron2.eps>
l2hSize :tex2html_wrap10179:91.26147pt::0.0pt::349.0pt.
[7


]
l2hSize :tex2html_wrap_inline10270:7.98248pt::7.98248pt::11.14706pt.
[8


]
l2hSize :tex2html_wrap_inline10272:7.98248pt::7.98248pt::12.72644pt.
[9


]
l2hSize :tex2html_wrap_indisplay10273:15.39023pt::15.39023pt::52.1884pt.
[10


]
l2hSize :tex2html_wrap_inline10277:11.50134pt::11.50134pt::41.50838pt.
[11


]
l2hSize :tex2html_wrap_indisplay10278:17.03697pt::17.03697pt::144.58324pt.
[12


]
l2hSize :tex2html_wrap_inline10280:7.98248pt::7.98248pt::13.72876pt.
[13


]
l2hSize :tex2html_wrap_indisplay10281:18.3665pt::18.3665pt::97.41432pt.
[14


]
l2hSize :tex2html_wrap_inline10283:7.60416pt::0.0pt::6.93504pt.
[15


]
l2hSize :tex2html_wrap_inline10285:8.7125pt::8.7125pt::41.32994pt.
[16


]
l2hSize :tex2html_wrap_indisplay10286:18.3665pt::18.3665pt::103.95393pt.
[17


]
l2hSize :tex2html_wrap_indisplay10287:16.37761pt::16.37761pt::352.76439pt.

Overfull \hbox (6.9734pt too wide) in paragraph at lines 319--320
[]|[] 
 []

[18


]
l2hSize :tex2html_wrap_indisplay10288:16.37761pt::16.37761pt::151.07397pt.
[19


]
l2hSize :tex2html_wrap_inline10290:7.98248pt::7.98248pt::15.30525pt.
[20


]
l2hSize :tex2html_wrap_inline10292:7.98248pt::7.98248pt::60.5825pt.
[21


]
l2hSize :tex2html_wrap_indisplay10293:8.7125pt::8.7125pt::185.3135pt.
[22


]
l2hSize :tex2html_wrap_inline10295:7.60416pt::0.0pt::6.24686pt.
[23


]
l2hSize :tex2html_wrap_inline10297:8.10416pt::8.10416pt::7.08714pt.
[24


]
File: Teorico/tierra_esferica.eps Graphic file (type eps)
<Teorico/tierra_esferica.eps>
l2hSize :tex2html_wrap10373:135.64066pt::0.0pt::349.0pt.
[25


]
l2hSize :tex2html_wrap_inline10375:8.10416pt::8.10416pt::10.42595pt.
[26


]
l2hSize :tex2html_wrap_inline10377:8.10416pt::8.10416pt::11.42827pt.
[27


]
l2hSize :tex2html_wrap_inline10379:8.91812pt::8.91812pt::10.42595pt.
[28


]
l2hSize :tex2html_wrap_inline10381:8.91812pt::8.91812pt::11.42827pt.
[29


]
l2hSize :tex2html_wrap_indisplay10382:10.17673pt::10.17673pt::326.25146pt.
[30


]
l2hSize :tex2html_wrap_indisplay10383:10.17673pt::10.17673pt::84.11658pt.
[31


]
l2hSize :tex2html_wrap_indisplay10384:17.03697pt::17.03697pt::65.54585pt.
[32


]
l2hSize :tex2html_wrap_indisplay10385:17.03697pt::17.03697pt::89.45055pt.
[33


]
l2hSize :tex2html_wrap_inline10387:8.10416pt::8.10416pt::8.07314pt.
[34


]
l2hSize :tex2html_wrap_inline10389:8.10416pt::8.10416pt::75.05534pt.
[35


]
l2hSize :tex2html_wrap_indisplay10392:16.32587pt::16.32587pt::63.40308pt.
[36


]
l2hSize :tex2html_wrap_indisplay10393:16.32587pt::16.32587pt::41.27756pt.
[37


]
l2hSize :tex2html_wrap_inline10395:8.10416pt::8.10416pt::55.12881pt.
[38


]
l2hSize :tex2html_wrap_inline10397:8.10416pt::8.10416pt::10.99692pt.
[39


]
l2hSize :tex2html_wrap_indisplay10398:10.17673pt::10.17673pt::229.699pt.
[40


]
l2hSize :tex2html_wrap_indisplay10399:15.5119pt::15.5119pt::73.08926pt.
[41


]
l2hSize :tex2html_wrap_indisplay10400:19.8703pt::19.8703pt::133.77452pt.
[42


]
l2hSize :tex2html_wrap_indisplay10401:19.8703pt::19.8703pt::133.77452pt.
[43


]
l2hSize :tex2html_wrap_inline10403:7.98248pt::7.98248pt::72.18307pt.
[44


]
l2hSize :tex2html_wrap_indisplay10404:19.8703pt::19.8703pt::267.2976pt.
[45


]
l2hSize :tex2html_wrap_inline10406:8.91812pt::8.91812pt::54.98926pt.
[46


]
l2hSize :tex2html_wrap_indisplay10407:16.32587pt::16.32587pt::61.30542pt.
[47


]
l2hSize :tex2html_wrap_indisplay10408:16.32587pt::16.32587pt::112.69905pt.
[48


]
l2hSize :tex2html_wrap_inline10410:7.98248pt::7.98248pt::13.50443pt.
[49


]
l2hSize :tex2html_wrap_inline10412:7.48248pt::0.0pt::9.2619pt.
[50


]
l2hSize :tex2html_wrap_indisplay10413:10.57672pt::10.57672pt::95.66634pt.
[51


]
l2hSize :tex2html_wrap_inline10415:7.57185pt::7.57185pt::6.20885pt.
[52


]
l2hSize :tex2html_wrap_inline10417:10.02922pt::10.02922pt::46.25204pt.
[53


]
l2hSize :tex2html_wrap_inline10419:7.07185pt::0.0pt::5.6537pt.
[54


]
l2hSize :tex2html_wrap_inline10421:7.07185pt::0.0pt::7.19737pt.
[55


]
l2hSize :tex2html_wrap_indisplay10422:11.02116pt::11.02116pt::124.04019pt.
[56


]
l2hSize :tex2html_wrap_indisplay10425:19.21094pt::19.21094pt::133.80026pt.
[57


]
File: Teorico/tierra_plana.eps Graphic file (type eps)
<Teorico/tierra_plana.eps>
l2hSize :tex2html_wrap10463:77.85439pt::0.0pt::349.0pt.
[58


]
l2hSize :tex2html_wrap_inline10465:7.57185pt::7.57185pt::34.80046pt.
[59


]
l2hSize :tex2html_wrap_indisplay10466:11.02116pt::11.02116pt::232.51273pt.
[60


]
l2hSize :tex2html_wrap_indisplay10467:11.02116pt::11.02116pt::308.74149pt.
[61


]
l2hSize :tex2html_wrap_inline10469:8.91812pt::8.91812pt::34.90428pt.
[62


]
l2hSize :tex2html_wrap_inline10471:8.91812pt::8.91812pt::36.90892pt.
[63


]
l2hSize :tex2html_wrap_indisplay10472:15.5119pt::15.5119pt::106.82333pt.
[64


]
l2hSize :tex2html_wrap_inline10474:7.98248pt::7.98248pt::12.14938pt.
[65


]
l2hSize :tex2html_wrap_inline10476:9.12923pt::0.0pt::14.01196pt.
[66


]
l2hSize :tex2html_wrap_indisplay10477:18.3665pt::18.3665pt::303.2468pt.
[67


]
l2hSize :tex2html_wrap_indisplay10478:18.3665pt::18.3665pt::177.94817pt.
[68


]
l2hSize :tex2html_wrap_indisplay10479:16.37761pt::16.37761pt::434.53847pt.

Overfull \hbox (88.74748pt too wide) in paragraph at lines 643--644
[]|[] 
 []

[69


]
l2hSize :tex2html_wrap_indisplay10480:16.37761pt::16.37761pt::330.14783pt.
[70


]
l2hSize :tex2html_wrap_inline10495:8.10416pt::8.10416pt::54.98926pt.
[71


]
l2hSize :tex2html_wrap_indisplay10496:18.3665pt::18.3665pt::103.42426pt.
[72


]
l2hSize :tex2html_wrap_inline10500:8.10416pt::8.10416pt::16.19693pt.
[73


]
l2hSize :tex2html_wrap_indisplay10505:8.7125pt::8.7125pt::322.82301pt.
[74


]
l2hSize :tex2html_wrap_indisplay10506:8.7125pt::8.7125pt::209.09332pt.
[75


]
l2hSize :tex2html_wrap_indisplay10535:15.5119pt::15.5119pt::312.27463pt.
[76


]
File: Teorico/terreno_rugoso.eps Graphic file (type eps)
<Teorico/terreno_rugoso.eps>
l2hSize :tex2html_wrap10545:261.46571pt::0.0pt::349.0pt.
[77


]
l2hSize :tex2html_wrap_indisplay10546:15.5119pt::15.5119pt::116.26306pt.
[78


]
l2hSize :tex2html_wrap_inline10550:7.60416pt::0.0pt::15.11713pt.
[79


]
l2hSize :tex2html_wrap_inline10552:7.60416pt::0.0pt::36.3517pt.
[80


]
l2hSize :tex2html_wrap_inline10554:8.7125pt::8.7125pt::47.30171pt.
[81


]
l2hSize :tex2html_wrap_indisplay10555:15.5119pt::15.5119pt::53.34149pt.
[82


]
l2hSize :tex2html_wrap_inline10559:8.10416pt::8.10416pt::45.4678pt.
[83


]
l2hSize :tex2html_wrap_indisplay10560:15.5119pt::15.5119pt::36.24738pt.
[84


]
l2hSize :tex2html_wrap_indisplay10563:15.5119pt::15.5119pt::118.78128pt.
[85


]
l2hSize :tex2html_wrap_inline10565:8.10416pt::8.10416pt::43.70872pt.
[86


]
l2hSize :tex2html_wrap_inline10567:8.10416pt::8.10416pt::40.66705pt.
[87


]
l2hSize :tex2html_wrap_inline10622:8.41812pt::0.0pt::19.7781pt.
[88


]
l2hSize :tex2html_wrap_inline10624:8.41812pt::0.0pt::21.06317pt.
[89


]
File: Teorico/frente.eps Graphic file (type eps)
<Teorico/frente.eps>
l2hSize :tex2html_wrap10636:159.84418pt::0.0pt::349.0pt.
[90


]
l2hSize :tex2html_wrap_inline10638:7.07185pt::0.0pt::7.59279pt.
[91


]
l2hSize :tex2html_wrap_inline10640:8.7125pt::8.7125pt::51.45357pt.
[92


]
l2hSize :tex2html_wrap_inline10650:8.7125pt::8.7125pt::30.21904pt.
[93


]
File: Teorico/cuchillo.eps Graphic file (type eps)
<Teorico/cuchillo.eps>
l2hSize :tex2html_wrap10678:211.02716pt::0.0pt::349.0pt.
[94


]
l2hSize :tex2html_wrap_inline10680:7.48248pt::0.0pt::18.01198pt.
[95


]
File: Teorico/geometria.eps Graphic file (type eps)
<Teorico/geometria.eps>
l2hSize :tex2html_wrap10688:119.50198pt::0.0pt::349.0pt.
[96


]
l2hSize :tex2html_wrap_inline10710:7.48248pt::0.0pt::8.46729pt.
[97


]
l2hSize :tex2html_wrap_inline10712:7.48248pt::0.0pt::8.94633pt.
[98


]
l2hSize :tex2html_wrap_inline10716:7.48248pt::0.0pt::9.10983pt.
[99


]
l2hSize :tex2html_wrap_inline10720:7.48248pt::0.0pt::9.20409pt.
[100


]
l2hSize :tex2html_wrap_inline10726:7.07185pt::0.0pt::6.80576pt.
[101


]
l2hSize :tex2html_wrap_indisplay10727:17.03697pt::17.03697pt::396.11089pt.

Overfull \hbox (50.3199pt too wide) in paragraph at lines 857--858
[]|[] 
 []

[102


]
l2hSize :tex2html_wrap_inline10729:8.10416pt::8.10416pt::56.95499pt.
[103


]
l2hSize :tex2html_wrap_inline10731:7.07185pt::0.0pt::6.65369pt.
[104


]
l2hSize :tex2html_wrap_inline10755:10.36691pt::10.36691pt::16.79494pt.
[105


]
l2hSize :tex2html_wrap_inline10757:11.89447pt::11.89447pt::34.26741pt.
[106


]
l2hSize :tex2html_wrap_inline10759:10.36691pt::10.36691pt::12.54488pt.
[107


]
File: Teorico/elipsoides.eps Graphic file (type eps)
<Teorico/elipsoides.eps>
l2hSize :tex2html_wrap10769:124.8503pt::0.0pt::349.0pt.
[108


]
l2hSize :tex2html_wrap_indisplay10774:18.03456pt::18.03456pt::72.85864pt.
[109


]
l2hSize :tex2html_wrap_inline10776:7.57185pt::7.57185pt::10.23778pt.
[110


]
l2hSize :tex2html_wrap_inline10782:7.60416pt::0.0pt::6.85646pt.
[111


]
l2hSize :tex2html_wrap_inline10792:8.10416pt::8.10416pt::10.99692pt.
[112


]
l2hSize :tex2html_wrap_indisplay10797:16.12024pt::16.12024pt::128.86551pt.
[113


]
l2hSize :tex2html_wrap_inline10799:7.98248pt::7.98248pt::13.38083pt.
[114


]
l2hSize :tex2html_wrap_inline10805:8.7125pt::8.7125pt::23.77979pt.
[115


]
l2hSize :tex2html_wrap_inline10807:8.7125pt::8.7125pt::22.51599pt.
[116


]
l2hSize :tex2html_wrap_indisplay10808:15.68205pt::15.68205pt::257.1388pt.
[117


]
l2hSize :tex2html_wrap_indisplay10809:15.68205pt::15.68205pt::269.91245pt.
[118


]
l2hSize :tex2html_wrap_indisplay10810:15.68205pt::15.68205pt::266.21533pt.
[119


]
l2hSize :tex2html_wrap_indisplay10811:16.12024pt::16.12024pt::229.38672pt.
[120


]
File: Teorico/perdidaDifraccion.eps Graphic file (type eps)
<Teorico/perdidaDifraccion.eps>
l2hSize :tex2html_wrap10821:202.28807pt::0.0pt::349.0pt.
[121


]
l2hSize :tex2html_wrap_indisplay10932:18.6776pt::18.6776pt::313.19035pt.
[122


]
l2hSize :tex2html_wrap_indisplay10933:26.23268pt::26.23268pt::246.04602pt.
[123


]
l2hSize :tex2html_wrap_indisplay10934:20.74919pt::20.74919pt::63.92018pt.
[124


]
l2hSize :tex2html_wrap_indisplay10935:22.94766pt::22.94766pt::229.57329pt.
[125


]
l2hSize :tex2html_wrap_indisplay10936:20.74919pt::20.74919pt::59.96062pt.
[126


]
l2hSize :tex2html_wrap_indisplay10937:19.21094pt::19.21094pt::185.59828pt.
[127


]
l2hSize :tex2html_wrap_indisplay10938:19.21094pt::19.21094pt::146.88745pt.
[128


]
File: Teorico/perfil_vogler.eps Graphic file (type eps)
<Teorico/perfil_vogler.eps>
l2hSize :tex2html_wrap10944:149.09157pt::0.0pt::349.0pt.
[129


]
l2hSize :tex2html_wrap_indisplay10945:11.27338pt::11.27338pt::88.57631pt.
[130


]
l2hSize :tex2html_wrap_indisplay10946:12.62231pt::12.62231pt::37.3107pt.
[131


]
l2hSize :tex2html_wrap_inline10950:8.10416pt::8.10416pt::7.31905pt.
[132


]
l2hSize :tex2html_wrap_inline10952:7.57185pt::7.57185pt::89.12971pt.
[133


]
l2hSize :tex2html_wrap_inline10954:7.57185pt::7.57185pt::35.6458pt.
[134


]
l2hSize :tex2html_wrap_inline10956:7.57185pt::7.57185pt::29.02005pt.
[135


]
l2hSize :tex2html_wrap_inline10958:7.07185pt::0.0pt::10.16177pt.
[136


]
l2hSize :tex2html_wrap_inline10962:7.60416pt::0.0pt::5.99211pt.
[137


]
l2hSize :tex2html_wrap_inline11059:8.7125pt::8.7125pt::46.71394pt.
[138


]
File: Teorico/curvaOkuPrin.eps Graphic file (type eps)
<Teorico/curvaOkuPrin.eps>
l2hSize :tex2html_wrap11075:178.25285pt::0.0pt::349.0pt.
[139


]
l2hSize :tex2html_wrap_inline11077:7.98248pt::7.98248pt::18.14056pt.
[140


]
l2hSize :tex2html_wrap_inline11079:7.98248pt::7.98248pt::19.14288pt.
[141


]
l2hSize :tex2html_wrap_indisplay11080:7.98248pt::7.98248pt::178.27339pt.
[142


]
l2hSize :tex2html_wrap_inline11082:7.98248pt::7.98248pt::20.95811pt.
[143


]
File: Teorico/curvaOkuRec.eps Graphic file (type eps)
<Teorico/curvaOkuRec.eps>
l2hSize :tex2html_wrap11090:143.64015pt::0.0pt::349.0pt.
[144


]
File: Teorico/curvaOkuTrans.eps Graphic file (type eps)
<Teorico/curvaOkuTrans.eps>
l2hSize :tex2html_wrap11091:173.69157pt::0.0pt::349.0pt.
[145


]
l2hSize :tex2html_wrap_indisplay11159:8.7125pt::8.7125pt::401.61209pt.

Overfull \hbox (55.8211pt too wide) in paragraph at lines 1145--1146
[]|[] 
 []

[146


]
Overfull \hbox (24.53311pt too wide) in paragraph at lines 1155--1155
[] 
 []

l2hSize :gatherstar11160:41.79997pt::0.0pt::349.0pt.
[147


]
l2hSize :tex2html_wrap_inline11162:8.7125pt::8.7125pt::25.73302pt.
[148


]
l2hSize :tex2html_wrap_indisplay11163:8.7125pt::8.7125pt::218.5052pt.
[149


]
l2hSize :tex2html_wrap_indisplay11164:16.83748pt::16.83748pt::245.34248pt.
[150


]
l2hSize :tex2html_wrap_inline11166:7.07185pt::0.0pt::6.02254pt.
[151


]
l2hSize :tex2html_wrap_inline11167:8.10416pt::8.10416pt::48.5365pt.
[152


]
l2hSize :tex2html_wrap_indisplay11171:10.70139pt::10.70139pt::247.46895pt.
[153


]
l2hSize :tex2html_wrap_indisplay11173:10.17673pt::10.17673pt::294.0231pt.
[154


]
l2hSize :tex2html_wrap_indisplay11179:8.7125pt::8.7125pt::420.71135pt.

Overfull \hbox (74.92036pt too wide) in paragraph at lines 1214--1215
[]|[] 
 []

[155


]
l2hSize :tex2html_wrap_inline11183:7.48248pt::0.0pt::9.15694pt.
[156


]
l2hSize :tex2html_wrap_inline11197:7.57185pt::7.57185pt::6.825pt.
[157


]
l2hSize :tex2html_wrap_indisplay11200:8.7125pt::8.7125pt::210.31862pt.
[158


]
l2hSize :tex2html_wrap_inline11202:7.48248pt::0.0pt::8.76004pt.
[159


]
l2hSize :tex2html_wrap_indisplay11203:8.7125pt::8.7125pt::93.21695pt.
[160


]
l2hSize :tex2html_wrap_inline11205:8.10416pt::8.10416pt::22.55522pt.
[161


]
l2hSize :tex2html_wrap_indisplay11210:8.7125pt::8.7125pt::128.41481pt.
[162


]
l2hSize :tex2html_wrap_inline11212:7.57185pt::7.57185pt::12.15475pt.
[163


]
l2hSize :tex2html_wrap_inline11216:8.7125pt::8.7125pt::32.43938pt.
[164


]
l2hSize :tex2html_wrap_inline11220:7.07185pt::0.0pt::6.33559pt.
[165


]
l2hSize :tex2html_wrap_inline11222:7.60416pt::0.0pt::5.2469pt.
[166


]
l2hSize :tex2html_wrap_inline11224:7.07185pt::0.0pt::5.28621pt.
[167


]
l2hSize :tex2html_wrap_inline11228:7.07185pt::0.0pt::5.68033pt.
[168


]
l2hSize :tex2html_wrap_indisplay11229:7.57185pt::7.57185pt::64.89835pt.
[169


]
l2hSize :tex2html_wrap_inline11231:7.57185pt::7.57185pt::12.78996pt.
[170


]
l2hSize :tex2html_wrap_inline11233:7.57185pt::7.57185pt::12.44902pt.
[171


]
l2hSize :tex2html_wrap_inline11235:7.07185pt::0.0pt::6.1214pt.
[172


]
l2hSize :tex2html_wrap_inline11241:9.80754pt::9.80754pt::37.59569pt.
[173


]
l2hSize :tex2html_wrap_indisplay11362:8.7125pt::8.7125pt::92.31401pt.
[174


]
l2hSize :tex2html_wrap_indisplay11365:16.83748pt::16.83748pt::249.19531pt.
[175


]
l2hSize :tex2html_wrap_indisplay11368:7.98248pt::7.98248pt::118.33005pt.
[176


]
l2hSize :gatherstar11369:55.39996pt::0.0pt::349.0pt.
[177


]
File: Teorico/perfil_wi.eps Graphic file (type eps)
<Teorico/perfil_wi.eps>
l2hSize :tex2html_wrap11394:109.26292pt::0.0pt::349.0pt.
[178


]
l2hSize :tex2html_wrap_indisplay11399:21.65154pt::21.65154pt::120.83861pt.
[179


]
l2hSize :tex2html_wrap_inline11401:9.12923pt::0.0pt::17.60812pt.
[180


]
l2hSize :tex2html_wrap_inline11403:9.12923pt::0.0pt::24.21933pt.
[181


]
l2hSize :tex2html_wrap_inline11405:9.12923pt::0.0pt::24.21933pt.
[182


]
l2hSize :tex2html_wrap_inline11407:9.12923pt::0.0pt::17.60812pt.
[183


]
l2hSize :tex2html_wrap_inline11410:8.7125pt::8.7125pt::24.76605pt.
[184


]
l2hSize :tex2html_wrap_indisplay11413:15.5119pt::15.5119pt::84.80489pt.
[185


]
l2hSize :tex2html_wrap_inline11415:9.62923pt::9.62923pt::67.60577pt.
[186


]
l2hSize :tex2html_wrap_indisplay11416:18.11554pt::18.11554pt::230.97015pt.
[187


]
l2hSize :tex2html_wrap_indisplay11423:8.7125pt::8.7125pt::112.6944pt.
[188


]
l2hSize :tex2html_wrap_inline11425:8.7125pt::8.7125pt::72.21317pt.
[189


]
l2hSize :tex2html_wrap_inline11427:8.7125pt::8.7125pt::46.72023pt.
[190


]
l2hSize :tex2html_wrap_inline11433:10.43405pt::10.43405pt::15.14755pt.
[191


]
l2hSize :tex2html_wrap_indisplay11436:17.03697pt::17.03697pt::363.54054pt.

Overfull \hbox (17.74956pt too wide) in paragraph at lines 1453--1454
[]|[] 
 []

[192


]
l2hSize :tex2html_wrap_indisplay11437:17.5008pt::17.5008pt::186.73154pt.
[193


]
l2hSize :tex2html_wrap_inline11439:7.98248pt::7.98248pt::17.22751pt.
[194


]
l2hSize :tex2html_wrap_inline11441:7.98248pt::7.98248pt::26.20796pt.
[195


]
l2hSize :tex2html_wrap_indisplay11442:8.7125pt::8.7125pt::117.90004pt.
[196


]
l2hSize :tex2html_wrap_inline11547:7.07185pt::0.0pt::8.68147pt.
[197


]
File: Teorico/orientacion.eps Graphic file (type eps)
<Teorico/orientacion.eps>
l2hSize :tex2html_wrap11567:91.33269pt::0.0pt::349.0pt.
[198


]
l2hSize :tex2html_wrap_indisplay11581:8.7125pt::8.7125pt::244.39995pt.
[199


]
l2hSize :tex2html_wrap_inline11583:7.98248pt::7.98248pt::37.6201pt.
[200


]
l2hSize :tex2html_wrap_inline11585:7.60416pt::0.0pt::41.41103pt.
[201


]
l2hSize :tex2html_wrap_inline11597:7.98248pt::7.98248pt::24.3225pt.
[202


]
l2hSize :tex2html_wrap_inline11599:7.98248pt::7.98248pt::19.57152pt.
[203


]
l2hSize :tex2html_wrap_indisplay11600:16.83748pt::16.83748pt::304.53668pt.
[204


]
l2hSize :tex2html_wrap_inline11602:7.98248pt::7.98248pt::19.57152pt.
[205


]
l2hSize :tex2html_wrap_indisplay11603:8.7125pt::8.7125pt::272.88345pt.
[206


]
l2hSize :tex2html_wrap_indisplay11604:23.63748pt::23.63748pt::247.09993pt.
[207


]
l2hSize :tex2html_wrap_inline11606:7.98248pt::7.98248pt::19.57378pt.
[208


]
l2hSize :tex2html_wrap_inline11608:8.10416pt::8.10416pt::31.3348pt.
[209


]
l2hSize :tex2html_wrap_indisplay11609:8.10416pt::8.10416pt::221.1226pt.
[210


]
l2hSize :tex2html_wrap_indisplay11610:16.83748pt::16.83748pt::216.1287pt.
[211


]
l2hSize :tex2html_wrap_indisplay11611:24.43672pt::24.43672pt::265.08144pt.
[212


]
l2hSize :tex2html_wrap_indisplay11612:17.77473pt::17.77473pt::149.98468pt.
[213


]
l2hSize :tex2html_wrap_indisplay11613:23.63748pt::23.63748pt::396.9403pt.

Overfull \hbox (51.14932pt too wide) in paragraph at lines 1614--1615
[]|[] 
 []

[214


]
l2hSize :tex2html_wrap_inline11615:8.10416pt::8.10416pt::11.26302pt.
[215


]
l2hSize :tex2html_wrap_inline11617:8.10416pt::8.10416pt::11.1218pt.
[216


]
l2hSize :tex2html_wrap_inline11619:8.10416pt::8.10416pt::11.71346pt.
[217


]
l2hSize :tex2html_wrap_indisplay11620:8.10416pt::8.10416pt::26.93138pt.
[218


]
l2hSize :tex2html_wrap_indisplay11621:7.57185pt::7.57185pt::9.06422pt.
[219


]
l2hSize :tex2html_wrap_indisplay11623:7.57185pt::7.57185pt::9.06422pt.
[220


]
l2hSize :tex2html_wrap_indisplay11624:16.83748pt::16.83748pt::188.01227pt.
[221


]
l2hSize :tex2html_wrap_indisplay11625:8.10416pt::8.10416pt::30.79683pt.
[222


]
l2hSize :tex2html_wrap_indisplay11626:7.57185pt::7.57185pt::11.49754pt.
[223


]
l2hSize :tex2html_wrap_indisplay11627:8.7125pt::8.7125pt::38.93077pt.
[224


]
l2hSize :tex2html_wrap_indisplay11628:7.57185pt::7.57185pt::33.26057pt.
[225


]
l2hSize :gatherstar11631:55.39996pt::0.0pt::349.0pt.
[226


]
l2hSize :tex2html_wrap_inline11637:8.10416pt::8.10416pt::33.76813pt.
[227


]
l2hSize :tex2html_wrap_inline11679:7.98248pt::7.98248pt::20.45534pt.
[228


]
l2hSize :tex2html_wrap_indisplay11680:7.98248pt::7.98248pt::189.5803pt.
[229


]
l2hSize :tex2html_wrap_indisplay11685:8.7125pt::8.7125pt::305.78699pt.
[230


]
l2hSize :tex2html_wrap_indisplay11686:18.3665pt::18.3665pt::354.94405pt.

Overfull \hbox (9.15306pt too wide) in paragraph at lines 1727--1728
[]|[] 
 []

[231


]
l2hSize :tex2html_wrap_inline11688:7.60416pt::0.0pt::28.44598pt.
[232


]
l2hSize :tex2html_wrap_indisplay11689:16.37761pt::16.37761pt::397.1684pt.

Overfull \hbox (51.37741pt too wide) in paragraph at lines 1741--1742
[]|[] 
 []

[233


]
l2hSize :tex2html_wrap_indisplay11692:8.10416pt::8.10416pt::187.84448pt.
[234


]
l2hSize :tex2html_wrap_inline11694:8.10416pt::8.10416pt::22.95264pt.
[235


]
l2hSize :tex2html_wrap_inline11696:8.10416pt::8.10416pt::22.95264pt.
[236


]
l2hSize :tex2html_wrap_indisplay11772:7.98248pt::7.98248pt::156.0475pt.
[237


]
l2hSize :tex2html_wrap_inline11774:7.98248pt::7.98248pt::50.89578pt.
[238


]
File: Teorico/perfil_vi.eps Graphic file (type eps)
<Teorico/perfil_vi.eps>
l2hSize :tex2html_wrap11782:70.12466pt::0.0pt::349.0pt.
[239


]
File: Teorico/perfil_vi2.eps Graphic file (type eps)
<Teorico/perfil_vi2.eps>
l2hSize :tex2html_wrap11788:85.1573pt::0.0pt::349.0pt.
[240


]
File: Software/gisCapas.eps Graphic file (type eps)
<Software/gisCapas.eps>
l2hSize :tex2html_wrap11935:167.25893pt::0.0pt::349.0pt.
[241


]
File: Software/gisEdificio.eps Graphic file (type eps)
<Software/gisEdificio.eps>
l2hSize :tex2html_wrap12001:244.66833pt::0.0pt::349.0pt.
[242


]
File: Software/pantallaGeneralPS.eps Graphic file (type eps)
<Software/pantallaGeneralPS.eps>
Overfull \hbox (49.33858pt too wide) detected at line 1816
 [] 
 []

l2hSize :tex2html_wrap12142:278.76027pt::0.0pt::349.0pt.
[243


]
File: Software/rama1.eps Graphic file (type eps)
<Software/rama1.eps>
l2hSize :tex2html_wrap12207:134.31006pt::0.0pt::349.0pt.
[244


]
File: Software/rama2.eps Graphic file (type eps)
<Software/rama2.eps>
l2hSize :tex2html_wrap12208:152.05641pt::0.0pt::349.0pt.
[245


]
File: Software/diag_conceptual.eps Graphic file (type eps)
<Software/diag_conceptual.eps>
Overfull \hbox (49.33858pt too wide) detected at line 1843
 [] 
 []

l2hSize :tex2html_wrap12427:320.5702pt::0.0pt::349.0pt.
[246


]
File: Software/principal.eps Graphic file (type eps)
<Software/principal.eps>
l2hSize :tex2html_wrap12459:415.13358pt::0.0pt::349.0pt.
[247


]
File: Software/proyecto.eps Graphic file (type eps)
<Software/proyecto.eps>
l2hSize :tex2html_wrap12472:409.3345pt::0.0pt::349.0pt.
[248


]
File: Software/capas.eps Graphic file (type eps)
<Software/capas.eps>
l2hSize :tex2html_wrap12484:272.38205pt::0.0pt::349.0pt.
[249


]
l2hSize :tex2html_wrap_inline12507:7.57185pt::7.57185pt::9.06422pt.
[250


]
l2hSize :tex2html_wrap_inline12511:9.12923pt::0.0pt::5.29759pt.
[251


]
File: Software/edifYmanzanas.eps Graphic file (type eps)
<Software/edifYmanzanas.eps>
l2hSize :tex2html_wrap12544:134.39503pt::0.0pt::349.0pt.
[252


]
File: Software/vectorial.eps Graphic file (type eps)
<Software/vectorial.eps>
Overfull \hbox (20.88582pt too wide) detected at line 1891
 [] 
 []

l2hSize :tex2html_wrap12548:171.00162pt::0.0pt::349.0pt.
[253


]
File: Software/red.eps Graphic file (type eps)
<Software/red.eps>
Overfull \hbox (20.88582pt too wide) detected at line 1898
 [] 
 []

l2hSize :tex2html_wrap12585:388.81773pt::0.0pt::349.0pt.
[254


]
File: Software/modelo.eps Graphic file (type eps)
<Software/modelo.eps>
l2hSize :tex2html_wrap12598:259.02188pt::0.0pt::349.0pt.
[255


]
l2hSize :tex2html_wrap_inline12600:8.7125pt::8.7125pt::22.83936pt.
[256


]
l2hSize :tex2html_wrap_inline12602:8.7125pt::8.7125pt::25.95053pt.
[257


]
File: Software/prediccionantena.eps Graphic file (type eps)
<Software/prediccionantena.eps>
l2hSize :tex2html_wrap12606:201.11726pt::0.0pt::349.0pt.
[258


]
File: Software/utilidades.eps Graphic file (type eps)
<Software/utilidades.eps>
l2hSize :tex2html_wrap12610:370.12473pt::0.0pt::349.0pt.
[259


]
File: Software/explorador.eps Graphic file (type eps)
<Software/explorador.eps>
Overfull \hbox (49.33858pt too wide) detected at line 1936
 [] 
 []

l2hSize :tex2html_wrap12696:400.37778pt::0.0pt::349.0pt.
[260


]
File: Software/mapa.eps Graphic file (type eps)
<Software/mapa.eps>
Overfull \hbox (20.88582pt too wide) detected at line 1942
 [] 
 []

l2hSize :tex2html_wrap12700:522.01013pt::0.0pt::349.0pt.
[261


]
File: Software/diagramaCUs.eps Graphic file (type eps)
<Software/diagramaCUs.eps>
l2hSize :tex2html_wrap12737:243.24496pt::0.0pt::349.0pt.
[262


]
File: Software/diagramaCU1.eps Graphic file (type eps)
<Software/diagramaCU1.eps>
l2hSize :tex2html_wrap12743:205.94452pt::0.0pt::349.0pt.
[263


]
File: Software/diagramaCU2.eps Graphic file (type eps)
<Software/diagramaCU2.eps>
l2hSize :tex2html_wrap12749:276.31427pt::0.0pt::349.0pt.
[264


]
File: Software/diagramaCU3.eps Graphic file (type eps)
<Software/diagramaCU3.eps>
Overfull \hbox (6.65944pt too wide) detected at line 1968
 [] 
 []

l2hSize :tex2html_wrap12757:158.07439pt::0.0pt::349.0pt.
[265


]
File: Software/diagramaCU4.eps Graphic file (type eps)
<Software/diagramaCU4.eps>
Overfull \hbox (6.65944pt too wide) detected at line 1974
 [] 
 []

l2hSize :tex2html_wrap12763:168.13365pt::0.0pt::349.0pt.
[266


]
File: Software/una_prediccion2.eps Graphic file (type eps)
<Software/una_prediccion2.eps>
Overfull \hbox (49.33858pt too wide) detected at line 1980
 [] 
 []

l2hSize :tex2html_wrap12771:317.84763pt::0.0pt::349.0pt.
[267


]
File: Software/diagramaCU7.eps Graphic file (type eps)
<Software/diagramaCU7.eps>
l2hSize :tex2html_wrap12775:187.5797pt::0.0pt::349.0pt.
[268


]
l2hSize :tex2html_wrap_inline12974:7.57185pt::7.57185pt::6.30898pt.
[269


]
l2hSize :tex2html_wrap_inline13006:7.57185pt::7.57185pt::29.74748pt.
[270


]
l2hSize :tex2html_wrap_indisplay13081:8.7125pt::8.7125pt::191.57732pt.
[271


]
l2hSize :tex2html_wrap_inline13083:8.7125pt::8.7125pt::37.55238pt.
[272


]
l2hSize :tex2html_wrap_inline13091:7.48248pt::0.0pt::16.5505pt.
[273


]
File: Software/distancia.eps Graphic file (type eps)
<Software/distancia.eps>
l2hSize :tex2html_wrap13131:102.2247pt::0.0pt::349.0pt.
[274


]
l2hSize :tex2html_wrap_indisplay13132:14.71606pt::14.71606pt::103.03864pt.
[275


]
l2hSize :tex2html_wrap_indisplay13133:11.32607pt::11.32607pt::142.76637pt.
[276


]
l2hSize :tex2html_wrap_inline13135:8.7125pt::8.7125pt::32.69664pt.
[277


]
l2hSize :tex2html_wrap_inline13137:8.7125pt::8.7125pt::34.70128pt.
[278


]
l2hSize :tex2html_wrap_inline13151:8.7125pt::8.7125pt::38.26451pt.
[279


]
l2hSize :tex2html_wrap_indisplay13152:8.7125pt::8.7125pt::183.07814pt.
[280


]
l2hSize :tex2html_wrap_inline13154:7.98248pt::7.98248pt::14.55516pt.
[281


]
l2hSize :tex2html_wrap_inline13156:7.98248pt::7.98248pt::14.08293pt.
[282


]
l2hSize :tex2html_wrap_inline13158:7.98248pt::7.98248pt::26.47522pt.
[283


]
l2hSize :tex2html_wrap_inline13171:7.57185pt::7.57185pt::12.95047pt.
[284


]
l2hSize :tex2html_wrap_inline13173:7.57185pt::7.57185pt::12.47824pt.
[285


]
File: Software/angulos_ganancia.eps Graphic file (type eps)
<Software/angulos_ganancia.eps>
l2hSize :tex2html_wrap13183:124.33305pt::0.0pt::349.0pt.
[286


]
l2hSize :tex2html_wrap_indisplay13184:16.37761pt::16.37761pt::158.36629pt.
[287


]
l2hSize :tex2html_wrap_indisplay13185:16.37761pt::16.37761pt::147.581pt.
[288


]
l2hSize :tex2html_wrap_inline13187:8.10416pt::8.10416pt::10.99692pt.
[289


]
l2hSize :tex2html_wrap_indisplay13190:14.71606pt::14.71606pt::267.15753pt.
[290


]
l2hSize :tex2html_wrap_inline13192:7.57185pt::7.57185pt::34.0259pt.
[291


]
l2hSize :tex2html_wrap_inline13216:7.22179pt::0.0pt::4.31995pt.
[292


]
l2hSize :tex2html_wrap_inline13218:7.72179pt::7.72179pt::23.17822pt.
[293


]
l2hSize :tex2html_wrap_indisplay13221:15.39023pt::15.39023pt::147.04694pt.
[294


]
l2hSize :tex2html_wrap_inline13223:7.48248pt::0.0pt::9.15695pt.
[295


]
l2hSize :tex2html_wrap_inline13227:7.98248pt::7.98248pt::23.41217pt.
[296


]
l2hSize :tex2html_wrap_inline13229:7.98248pt::7.98248pt::12.5509pt.
[297


]
l2hSize :tex2html_wrap_inline13231:7.57185pt::7.57185pt::10.94621pt.
[298


]
l2hSize :tex2html_wrap_inline13233:7.57185pt::7.57185pt::21.80748pt.
[299


]
l2hSize :tex2html_wrap_inline13292:7.07185pt::0.0pt::5.79189pt.
[300


]
File: Software/alturasEfectivas.eps Graphic file (type eps)
<Software/alturasEfectivas.eps>
l2hSize :tex2html_wrap13298:79.64723pt::0.0pt::349.0pt.
[301


]
File: Software/orientacioncalles.eps Graphic file (type eps)
<Software/orientacioncalles.eps>
l2hSize :tex2html_wrap13326:166.91653pt::0.0pt::349.0pt.
[302


]
l2hSize :tex2html_wrap_inline13404:7.48248pt::0.0pt::10.47856pt.
[303


]
l2hSize :tex2html_wrap_inline13427:8.10416pt::8.10416pt::50.22438pt.
[304


]
File: Software/esquinas.eps Graphic file (type eps)
<Software/esquinas.eps>
l2hSize :tex2html_wrap13437:129.12009pt::0.0pt::349.0pt.
[305


]
l2hSize :tex2html_wrap_indisplay13438:16.37761pt::16.37761pt::119.88799pt.
[306


]
l2hSize :tex2html_wrap_indisplay13439:16.37761pt::16.37761pt::141.61052pt.
[307


]
l2hSize :tex2html_wrap_indisplay13440:7.98248pt::7.98248pt::76.35962pt.
[308


]
l2hSize :tex2html_wrap_inline13442:8.7125pt::8.7125pt::32.34557pt.
[309


]
l2hSize :tex2html_wrap_inline13444:8.7125pt::8.7125pt::54.0681pt.
[310


]
l2hSize :tex2html_wrap_inline13448:8.7125pt::8.7125pt::54.0681pt.
[311


]
l2hSize :tex2html_wrap_inline13450:7.48248pt::0.0pt::16.7178pt.
[312


]
l2hSize :tex2html_wrap_inline13456:8.7125pt::8.7125pt::49.36238pt.
[313


]
l2hSize :tex2html_wrap_indisplay13546:7.57185pt::7.57185pt::53.79814pt.
[314


]
l2hSize :tex2html_wrap_indisplay13549:8.7125pt::8.7125pt::32.43938pt.
[315


]
l2hSize :tex2html_wrap_indisplay13552:7.98248pt::7.98248pt::57.53177pt.
[316


]
l2hSize :tex2html_wrap_inline13554:7.48248pt::0.0pt::10.53938pt.
[317


]
l2hSize :tex2html_wrap_inline13556:7.48248pt::0.0pt::30.6143pt.
[318


]
l2hSize :tex2html_wrap_inline13560:7.48248pt::0.0pt::30.6143pt.
[319


]
l2hSize :tex2html_wrap_inline13562:7.48248pt::0.0pt::30.6143pt.
[320


]
l2hSize :tex2html_wrap_inline13577:8.7125pt::8.7125pt::17.88506pt.
[321


]
File: Software/elipsoidesEdificios.eps Graphic file (type eps)
<Software/elipsoidesEdificios.eps>
l2hSize :tex2html_wrap13585:114.46495pt::0.0pt::349.0pt.
[322


]
File: Software/PerfilCasoPavoElipsoides.eps Graphic file (type eps)
<Software/PerfilCasoPavoElipsoides.eps>
l2hSize :tex2html_wrap13589:139.60379pt::0.0pt::349.0pt.
[323


]
l2hSize :tex2html_wrap_indisplay13683:8.10416pt::8.10416pt::71.3068pt.
[324


]
l2hSize :tex2html_wrap_indisplay13684:15.68205pt::15.68205pt::298.1285pt.
[325


]
l2hSize :tex2html_wrap_indisplay13685:20.74919pt::20.74919pt::279.47765pt.
[326


]
l2hSize :tex2html_wrap_indisplay13686:20.74919pt::20.74919pt::122.25533pt.
[327


]
l2hSize :tex2html_wrap_inline13688:8.10416pt::8.10416pt::13.26552pt.
[328


]
l2hSize :tex2html_wrap_inline13690:9.45203pt::9.45203pt::34.49585pt.
[329


]
l2hSize :tex2html_wrap_indisplay13722:15.40428pt::15.40428pt::83.3352pt.
[330


]
l2hSize :tex2html_wrap_inline13724:7.07185pt::0.0pt::4.50171pt.
[331


]
l2hSize :tex2html_wrap_inline13730:9.3943pt::9.3943pt::138.20984pt.
[332


]
l2hSize :tex2html_wrap_indisplay13731:20.4381pt::20.4381pt::82.82138pt.
[333


]
l2hSize :tex2html_wrap_indisplay13733:7.98248pt::7.98248pt::63.18338pt.
[334


]
l2hSize :tex2html_wrap_inline13735:7.98248pt::7.98248pt::13.23505pt.
[335


]
l2hSize :tex2html_wrap_inline13737:9.3943pt::9.3943pt::27.23369pt.
[336


]
l2hSize :tex2html_wrap_inline13739:7.57185pt::7.57185pt::7.14545pt.
[337


]
l2hSize :tex2html_wrap_inline13741:8.71248pt::8.71248pt::27.35983pt.
[338


]
l2hSize :tex2html_wrap_inline13745:9.263pt::9.263pt::126.19026pt.
[339


]
l2hSize :tex2html_wrap_inline13747:7.07185pt::0.0pt::35.10338pt.
[340


]
l2hSize :tex2html_wrap_inline13749:9.263pt::9.263pt::86.26674pt.
[341


]
l2hSize :tex2html_wrap_inline13755:10.46645pt::10.46645pt::27.23369pt.
[342


]
l2hSize :tex2html_wrap_inline13757:8.7125pt::8.7125pt::20.37158pt.
[343


]
l2hSize :tex2html_wrap_inline13759:9.263pt::9.263pt::50.66794pt.
[344


]
l2hSize :tex2html_wrap_inline13761:8.7125pt::8.7125pt::31.1216pt.
[345


]
l2hSize :tex2html_wrap_inline13769:11.17625pt::11.17625pt::28.02138pt.
[346


]
l2hSize :tex2html_wrap_inline13771:8.7125pt::8.7125pt::23.88475pt.
[347


]
l2hSize :tex2html_wrap_indisplay13772:20.4381pt::20.4381pt::117.7872pt.
[348


]
l2hSize :tex2html_wrap_indisplay13773:8.7125pt::8.7125pt::199.31952pt.
[349


]
l2hSize :tex2html_wrap_indisplay13774:13.09256pt::13.09256pt::120.10031pt.
[350


]
l2hSize :tex2html_wrap_indisplay13777:8.7125pt::8.7125pt::89.4227pt.
[351


]
l2hSize :tex2html_wrap_inline13779:8.7125pt::8.7125pt::24.42467pt.
[352


]
l2hSize :tex2html_wrap_inline13793:8.7125pt::8.7125pt::71.64014pt.
[353


]
l2hSize :tex2html_wrap_inline13795:7.07185pt::0.0pt::7.1201pt.
[354


]
l2hSize :tex2html_wrap_inline13797:7.57185pt::7.57185pt::25.97838pt.
[355


]
l2hSize :tex2html_wrap_inline13799:9.80754pt::9.80754pt::68.60916pt.
[356


]
File: Software/halton.eps Graphic file (type eps)
<Software/halton.eps>
l2hSize :tex2html_wrap13803:159.8097pt::0.0pt::349.0pt.
[357


]
File: Software/aleatorio.eps Graphic file (type eps)
<Software/aleatorio.eps>
l2hSize :tex2html_wrap13809:161.2016pt::0.0pt::349.0pt.
[358


]
l2hSize :tex2html_wrap_inline13811:8.8943pt::0.0pt::12.02536pt.
[359


]
l2hSize :tex2html_wrap_inline13813:8.8943pt::0.0pt::11.41704pt.
[360


]
l2hSize :tex2html_wrap_indisplay13814:15.12953pt::15.12953pt::149.34837pt.
[361


]
l2hSize :tex2html_wrap_indisplay13907:8.7434pt::8.7434pt::93.42976pt.
[362


]
l2hSize :tex2html_wrap_inline13909:8.19589pt::8.19589pt::13.84848pt.
[363


]
l2hSize :tex2html_wrap_indisplay13918:12.62231pt::12.62231pt::64.96957pt.
[364


]
l2hSize :tex2html_wrap_indisplay13919:17.39317pt::17.39317pt::361.25105pt.

Overfull \hbox (15.46007pt too wide) in paragraph at lines 2608--2609
[]|[] 
 []

[365


]
l2hSize :tex2html_wrap_indisplay13920:20.74919pt::20.74919pt::435.02052pt.

Overfull \hbox (89.22954pt too wide) in paragraph at lines 2614--2615
[]|[] 
 []

[366


]
l2hSize :tex2html_wrap_indisplay13921:20.74919pt::20.74919pt::144.7201pt.
[367


]
l2hSize :tex2html_wrap_inline13939:7.07185pt::0.0pt::43.62004pt.
[368


]
l2hSize :tex2html_wrap_inline13941:7.07185pt::0.0pt::42.83553pt.
[369


]
l2hSize :tex2html_wrap_inline13943:7.07185pt::0.0pt::43.62004pt.
[370


]
l2hSize :tex2html_wrap_inline13945:7.07185pt::0.0pt::42.83553pt.
[371


]
File: Software/ejemplo1.eps Graphic file (type eps)
<Software/ejemplo1.eps>
l2hSize :tex2html_wrap13949:158.87296pt::0.0pt::349.0pt.
[372


]
File: Software/ejemploFalla.eps Graphic file (type eps)
<Software/ejemploFalla.eps>
l2hSize :tex2html_wrap13957:158.87296pt::0.0pt::349.0pt.
[373


]
File: Software/ejemploFallaCorregida.eps Graphic file (type eps)
<Software/ejemploFallaCorregida.eps>
l2hSize :tex2html_wrap13965:158.87296pt::0.0pt::349.0pt.
[374


]
l2hSize :tex2html_wrap_inline13967:7.98248pt::7.98248pt::53.30879pt.
[375


]
File: Software/ejemploFallaCorregida2.eps Graphic file (type eps)
<Software/ejemploFallaCorregida2.eps>
l2hSize :tex2html_wrap13973:158.87296pt::0.0pt::349.0pt.
[376


]
File: Software/errorVogler.eps Graphic file (type eps)
<Software/errorVogler.eps>
l2hSize :tex2html_wrap13983:141.21501pt::0.0pt::349.0pt.
[377


]
File: Software/compVogler.eps Graphic file (type eps)
<Software/compVogler.eps>
l2hSize :tex2html_wrap13984:137.22115pt::0.0pt::349.0pt.
[378


]
l2hSize :tex2html_wrap_inline14038:7.57185pt::7.57185pt::6.05675pt.
[379


]
l2hSize :tex2html_wrap_inline14040:11.79643pt::11.79643pt::30.4853pt.
[380


]
l2hSize :tex2html_wrap_indisplay14041:18.03456pt::18.03456pt::134.70174pt.
[381


]
l2hSize :tex2html_wrap_indisplay14042:23.51337pt::23.51337pt::136.2102pt.
[382


]
File: Conclusion/potencia2.eps Graphic file (type eps)
<Conclusion/potencia2.eps>
l2hSize :tex2html_wrap14112:194.59871pt::0.0pt::349.0pt.
[383


]
File: Conclusion/interferencia2.eps Graphic file (type eps)
<Conclusion/interferencia2.eps>
l2hSize :tex2html_wrap14116:151.0445pt::0.0pt::349.0pt.
[384


]
File: Conclusion/cobertura2.eps Graphic file (type eps)
<Conclusion/cobertura2.eps>
l2hSize :tex2html_wrap14117:151.34917pt::0.0pt::349.0pt.
[385


]
File: Conclusion/antena_pot1.eps Graphic file (type eps)
<Conclusion/antena_pot1.eps>
l2hSize :tex2html_wrap14162:151.77942pt::0.0pt::349.0pt.
[386


]
File: Conclusion/ejpatronesPOT.eps Graphic file (type eps)
<Conclusion/ejpatronesPOT.eps>
l2hSize :tex2html_wrap14168:142.26378pt::0.0pt::349.0pt.
[387


]
File: Conclusion/ejpatronesCI.eps Graphic file (type eps)
<Conclusion/ejpatronesCI.eps>
l2hSize :tex2html_wrap14169:142.26378pt::0.0pt::349.0pt.
[388


]
File: Conclusion/3antenasSD.eps Graphic file (type eps)
<Conclusion/3antenasSD.eps>
l2hSize :tex2html_wrap14173:142.26378pt::0.0pt::349.0pt.
[389


]
File: Conclusion/3antenasSD2.eps Graphic file (type eps)
<Conclusion/3antenasSD2.eps>
l2hSize :tex2html_wrap14174:142.26378pt::0.0pt::349.0pt.
[390


]
File: Conclusion/ejerceg.eps Graphic file (type eps)
<Conclusion/ejerceg.eps>
l2hSize :tex2html_wrap14224:101.29259pt::0.0pt::349.0pt.
[391


]
File: Conclusion/ejtierra.eps Graphic file (type eps)
<Conclusion/ejtierra.eps>
l2hSize :tex2html_wrap14225:101.4973pt::0.0pt::349.0pt.
[392


]
File: Conclusion/ejokumura.eps Graphic file (type eps)
<Conclusion/ejokumura.eps>
l2hSize :tex2html_wrap14226:101.61365pt::0.0pt::349.0pt.
[393


]
File: Conclusion/comp_vacio_erceg.eps Graphic file (type eps)
<Conclusion/comp_vacio_erceg.eps>
l2hSize :tex2html_wrap14236:101.6524pt::0.0pt::349.0pt.
[394


]
File: Conclusion/comp_vacio_tpaprox.eps Graphic file (type eps)
<Conclusion/comp_vacio_tpaprox.eps>
l2hSize :tex2html_wrap14237:101.86435pt::0.0pt::349.0pt.
[395


]
File: Conclusion/comp_vacio_okumura.eps Graphic file (type eps)
<Conclusion/comp_vacio_okumura.eps>
l2hSize :tex2html_wrap14238:101.51068pt::0.0pt::349.0pt.
[396


]
File: Conclusion/ejedificios.eps Graphic file (type eps)
<Conclusion/ejedificios.eps>
l2hSize :tex2html_wrap14244:216.56023pt::0.0pt::349.0pt.
[397


]
File: Conclusion/los2.eps Graphic file (type eps)
<Conclusion/los2.eps>
l2hSize :tex2html_wrap14270:118.55556pt::0.0pt::349.0pt.
[398


]
File: Conclusion/recorridosConTexto.eps Graphic file (type eps)
<Conclusion/recorridosConTexto.eps>
l2hSize :tex2html_wrap14318:361.15076pt::0.0pt::349.0pt.
[399


]
File: Conclusion/route00.eps Graphic file (type eps)
<Conclusion/route00.eps>
l2hSize :tex2html_wrap14322:95.43842pt::0.0pt::349.0pt.
[400


]
File: Conclusion/route01.eps Graphic file (type eps)
<Conclusion/route01.eps>
l2hSize :tex2html_wrap14323:94.53255pt::0.0pt::349.0pt.
[401


]
File: Conclusion/route02.eps Graphic file (type eps)
<Conclusion/route02.eps>
l2hSize :tex2html_wrap14324:94.24399pt::0.0pt::349.0pt.
[402


]
File: Conclusion/compOH.eps Graphic file (type eps)
<Conclusion/compOH.eps>
l2hSize :tex2html_wrap14433:181.63782pt::0.0pt::349.0pt.
[403


]
File: Conclusion/comErcegAruta1.eps Graphic file (type eps)
<Conclusion/comErcegAruta1.eps>
l2hSize :tex2html_wrap14502:184.07251pt::0.0pt::349.0pt.
[404


]
File: Conclusion/compWI.eps Graphic file (type eps)
<Conclusion/compWI.eps>
l2hSize :tex2html_wrap14561:180.47604pt::0.0pt::349.0pt.
[405


]
l2hSize :tex2html_wrap_inline14563:7.57185pt::7.57185pt::32.8841pt.
[406


]
l2hSize :tex2html_wrap_inline14565:7.57185pt::7.57185pt::32.54315pt.
[407


]
l2hSize :tex2html_wrap_inline14567:7.57185pt::7.57185pt::45.45067pt.
[408


]
l2hSize :tex2html_wrap_inline14569:7.57185pt::7.57185pt::45.10973pt.
[409


]
File: Conclusion/compWIruta0.eps Graphic file (type eps)
<Conclusion/compWIruta0.eps>
l2hSize :tex2html_wrap14606:94.59964pt::0.0pt::349.0pt.
[410


]
File: Conclusion/compWIruta1.eps Graphic file (type eps)
<Conclusion/compWIruta1.eps>
l2hSize :tex2html_wrap14607:94.55194pt::0.0pt::349.0pt.
[411


]
File: Conclusion/compWIruta2.eps Graphic file (type eps)
<Conclusion/compWIruta2.eps>
l2hSize :tex2html_wrap14608:94.42181pt::0.0pt::349.0pt.
[412


]
File: Conclusion/compMOPruta0.eps Graphic file (type eps)
<Conclusion/compMOPruta0.eps>
l2hSize :tex2html_wrap14688:177.92271pt::0.0pt::349.0pt.
[413


]
File: Conclusion/compVI_95_10_ruta0.eps Graphic file (type eps)
<Conclusion/compVI_95_10_ruta0.eps>
l2hSize :tex2html_wrap14732:182.27177pt::0.0pt::349.0pt.
[414


]
l2hSize :tex2html_wrap_inline14759:7.57185pt::7.57185pt::18.7942pt.
[415


]
l2hSize :tex2html_wrap_inline14761:7.57185pt::7.57185pt::18.45326pt.
[416


]
l2hSize :tex2html_wrap_inline14763:7.57185pt::7.57185pt::63.08742pt.
[417


]
l2hSize :tex2html_wrap_inline14765:7.57185pt::7.57185pt::62.74648pt.
[418


]
File: Conclusion/compVI_99_1_ruta0.eps Graphic file (type eps)
<Conclusion/compVI_99_1_ruta0.eps>
l2hSize :tex2html_wrap14800:95.74692pt::0.0pt::349.0pt.
[419


]
File: Conclusion/compVI_99_1_ruta1.eps Graphic file (type eps)
<Conclusion/compVI_99_1_ruta1.eps>
l2hSize :tex2html_wrap14801:97.41548pt::0.0pt::349.0pt.
[420


]
File: Conclusion/compVI_99_1_ruta2.eps Graphic file (type eps)
<Conclusion/compVI_99_1_ruta2.eps>
l2hSize :tex2html_wrap14802:95.65962pt::0.0pt::349.0pt.
[421


]
l2hSize :tex2html_wrap_inline14881:7.57185pt::7.57185pt::9.06422pt.
[422


]
l2hSize :tex2html_wrap_inline14883:7.07185pt::0.0pt::9.06422pt.
[423


]
l2hSize :tex2html_wrap_inline15162:7.57185pt::7.57185pt::12.5672pt.
[424


]
l2hSize :tex2html_wrap_indisplay15163:17.03697pt::17.03697pt::86.4327pt.
[425


]
l2hSize :tex2html_wrap_inline15176:8.7125pt::8.7125pt::65.02826pt.
[426


]
l2hSize :tex2html_wrap_inline15178:8.7125pt::8.7125pt::36.39104pt.
[427


]
l2hSize :tex2html_wrap_indisplay15179:15.5119pt::15.5119pt::200.42796pt.
[428


]
l2hSize :tex2html_wrap_inline15185:12.14001pt::12.14001pt::138.44286pt.
[429


]
l2hSize :tex2html_wrap_indisplay15186:16.12024pt::16.12024pt::189.49449pt.
[430


]
l2hSize :tex2html_wrap_indisplay15187:14.1249pt::14.1249pt::89.77605pt.
[431


]
l2hSize :tex2html_wrap_inline15189:8.7125pt::8.7125pt::57.92021pt.
[432


]
l2hSize :tex2html_wrap_inline15191:7.48248pt::0.0pt::9.09842pt.
[433


]
l2hSize :tex2html_wrap_indisplay15202:15.5119pt::15.5119pt::88.15442pt.
[434


]
l2hSize :tex2html_wrap_indisplay15211:15.5119pt::15.5119pt::88.15442pt.
[435


]
l2hSize :tex2html_wrap_indisplay15226:8.10416pt::8.10416pt::85.71667pt.
[436


]
l2hSize :tex2html_wrap_indisplay15233:17.03697pt::17.03697pt::154.7201pt.
[437


]
l2hSize :tex2html_wrap_indisplay15242:18.3665pt::18.3665pt::273.65889pt.
[438


]
l2hSize :tex2html_wrap_indisplay15245:10.17673pt::10.17673pt::116.59967pt.
[439


]
l2hSize :tex2html_wrap_indisplay15246:10.17673pt::10.17673pt::116.59967pt.
[440


]
l2hSize :tex2html_wrap_inline15248:10.60892pt::10.60892pt::91.26765pt.
[441


]
l2hSize :tex2html_wrap_inline15250:8.10416pt::8.10416pt::27.16206pt.
[442


]
l2hSize :tex2html_wrap_inline15252:8.10416pt::8.10416pt::15.37315pt.
[443


]
l2hSize :tex2html_wrap_indisplay15253:8.10416pt::8.10416pt::84.90804pt.
[444


]
l2hSize :tex2html_wrap_indisplay15254:15.5119pt::15.5119pt::170.16942pt.
[445


]
l2hSize :tex2html_wrap_inline15258:8.7125pt::8.7125pt::37.88908pt.
[446


]
l2hSize :tex2html_wrap_indisplay15261:17.03697pt::17.03697pt::154.14214pt.
[447


]
l2hSize :tex2html_wrap_indisplay15264:10.17673pt::10.17673pt::115.79103pt.
[448


]
l2hSize :tex2html_wrap_inline15266:8.7125pt::8.7125pt::57.58128pt.
[449


]
l2hSize :tex2html_wrap_inline15304:7.57185pt::7.57185pt::25.95047pt.
[450


]
l2hSize :tex2html_wrap_indisplay15307:15.5119pt::15.5119pt::81.20187pt.
[451


]
l2hSize :tex2html_wrap_indisplay15310:10.17673pt::10.17673pt::185.42142pt.
[452


]
l2hSize :tex2html_wrap_indisplay15311:17.03697pt::17.03697pt::205.12671pt.
[453


]
l2hSize :tex2html_wrap_indisplay15312:10.17673pt::10.17673pt::191.26776pt.
[454


]
l2hSize :tex2html_wrap_inline15318:8.7125pt::8.7125pt::27.7654pt.
[455


]
l2hSize :tex2html_wrap_indisplay15319:16.83748pt::16.83748pt::102.20686pt.
[456


]
l2hSize :tex2html_wrap_indisplay15320:15.39023pt::15.39023pt::167.74892pt.
[457


]
l2hSize :tex2html_wrap_inline15354:8.7125pt::8.7125pt::49.76677pt.
[458


]
l2hSize :tex2html_wrap_inline15356:8.7125pt::8.7125pt::49.76677pt.
[459


]
l2hSize :tex2html_wrap_inline15358:8.7125pt::8.7125pt::39.86615pt.
[460


]
l2hSize :tex2html_wrap_inline15360:8.7125pt::8.7125pt::39.86615pt.
[461


]
l2hSize :tex2html_wrap_indisplay15361:16.37761pt::16.37761pt::218.84776pt.
[462


]
l2hSize :tex2html_wrap_inline15367:7.57185pt::7.57185pt::25.26611pt.
[463


]
l2hSize :tex2html_wrap_indisplay15376:16.37761pt::16.37761pt::100.04124pt.
[464


]
l2hSize :tex2html_wrap_indisplay15377:23.63748pt::23.63748pt::267.27873pt.
[465


]
l2hSize :tex2html_wrap_indisplay15386:16.37761pt::16.37761pt::221.8168pt.
[466


]
l2hSize :tex2html_wrap_indisplay15387:23.63748pt::23.63748pt::411.79312pt.

Overfull \hbox (66.00214pt too wide) in paragraph at lines 3248--3249
[]|[] 
 []

[467


]
l2hSize :tex2html_wrap_indisplay15394:7.98248pt::7.98248pt::60.15648pt.
[468


]
l2hSize :tex2html_wrap_indisplay15395:7.98248pt::7.98248pt::117.66418pt.
[469


]
l2hSize :tex2html_wrap_indisplay15398:7.57185pt::7.57185pt::56.7372pt.
[470


]
l2hSize :tex2html_wrap_indisplay15399:7.98248pt::7.98248pt::89.21957pt.
[471


]
l2hSize :tex2html_wrap_indisplay15400:23.63748pt::23.63748pt::77.67055pt.
[472


]
l2hSize :tex2html_wrap_indisplay15401:16.37761pt::16.37761pt::210.28949pt.
[473


]
l2hSize :tex2html_wrap_indisplay15406:8.71248pt::8.71248pt::60.3973pt.
[474


]
l2hSize :tex2html_wrap_indisplay15411:12.62231pt::12.62231pt::361.60526pt.

Overfull \hbox (15.81427pt too wide) in paragraph at lines 3296--3297
[]|[] 
 []

[475


]
l2hSize :tex2html_wrap_indisplay15414:8.7125pt::8.7125pt::197.32147pt.
[476


]
l2hSize :tex2html_wrap_indisplay15425:23.63748pt::23.63748pt::302.6136pt.
[477


]
l2hSize :tex2html_wrap_indisplay15426:23.63748pt::23.63748pt::335.67738pt.
[478


]
l2hSize :tex2html_wrap_indisplay15427:15.2208pt::15.2208pt::187.89667pt.
[479


]
l2hSize :tex2html_wrap_indisplay15430:12.62231pt::12.62231pt::87.6466pt.
[480


]
l2hSize :tex2html_wrap_indisplay15431:8.7125pt::8.7125pt::441.09059pt.

Overfull \hbox (95.2996pt too wide) in paragraph at lines 3332--3333
[]|[] 
 []

[481


]
l2hSize :tex2html_wrap_indisplay15432:8.7125pt::8.7125pt::111.50375pt.
[482


]
l2hSize :tex2html_wrap_indisplay15433:10.17673pt::10.17673pt::102.14546pt.
[483


]
l2hSize :tex2html_wrap_indisplay15434:15.5119pt::15.5119pt::201.61029pt.
[484


]
l2hSize :tex2html_wrap_indisplay15435:15.5119pt::15.5119pt::277.11714pt.
[485


]
l2hSize :tex2html_wrap_indisplay15438:17.03697pt::17.03697pt::86.4593pt.
[486


]
l2hSize :tex2html_wrap_inline15442:13.09258pt::13.09258pt::40.74059pt.
[487


]
l2hSize :tex2html_wrap_indisplay15443:17.03697pt::17.03697pt::378.25851pt.

Overfull \hbox (32.46753pt too wide) in paragraph at lines 3374--3375
[]|[] 
 []

[488


]
l2hSize :tex2html_wrap_indisplay15444:17.03697pt::17.03697pt::333.60526pt.
[489


]
l2hSize :tex2html_wrap_inline15448:7.48248pt::0.0pt::29.4775pt.
[490


]
l2hSize :tex2html_wrap_inline15450:7.48248pt::0.0pt::29.99231pt.
[491


]
l2hSize :tex2html_wrap_indisplay15455:10.17673pt::10.17673pt::122.15208pt.
[492


]
l2hSize :tex2html_wrap_inline15457:10.27802pt::10.27802pt::36.61577pt.
[493


]
l2hSize :tex2html_wrap_indisplay15460:18.01666pt::18.01666pt::287.67326pt.
[494


]
l2hSize :tex2html_wrap_indisplay15461:17.03697pt::17.03697pt::294.061pt.
[495


]
l2hSize :tex2html_wrap_indisplay15462:21.12793pt::21.12793pt::140.90149pt.
[496


]
l2hSize :tex2html_wrap_indisplay15463:23.76651pt::23.76651pt::117.84958pt.
[497


]
l2hSize :tex2html_wrap_indisplay15464:23.63748pt::23.63748pt::330.04668pt.
[498


]
l2hSize :tex2html_wrap_indisplay15465:8.10416pt::8.10416pt::194.45354pt.
[499


]
l2hSize :tex2html_wrap_inline15481:7.72179pt::7.72179pt::5.68361pt.
[500


]
l2hSize :tex2html_wrap_inline15483:7.60416pt::0.0pt::6.59285pt.
[501


]
l2hSize :tex2html_wrap_inline15487:7.57185pt::7.57185pt::25.7629pt.
[502


]
l2hSize :tex2html_wrap_inline15489:7.57185pt::7.57185pt::13.51344pt.
[503


]
l2hSize :tex2html_wrap_inline15491:8.10416pt::8.10416pt::12.42476pt.
[504


] (./images.aux)

LaTeX Warning: There were multiply-defined labels.

 ) 
Here is how much of TeX's memory you used:
 4401 strings out of 95756
 57271 string characters out of 1190795
 122521 words of memory out of 1000001
 7236 multiletter control sequences out of 10000+50000
 8942 words of font info for 35 fonts, out of 500000 for 1000
 26 hyphenation exceptions out of 1000
 27i,17n,43p,451b,337s stack positions out of 3000i,1500n,5000p,200000b,15000s

Output written on images.dvi (504 pages, 357516 bytes).
